/PhpMyAdmin/
/wp/
/wp-login.php
/index.php/Admin/index/login
/index.php?ctrl=login&act=index
/admin/index.php?ctrl=login&act=index
/index.php/admin/index
/index.php/Webadmin/
/index.php/Webadmin/Nav
/index.php?m=admin&c=index&a=login&pc_hash=
/index.php?controller=systemadmin&action=login_act
/admin/hjdxx/login.php
/index.php?s=/Admin/Public/login.html
/index.php?m=login
/index.php?m=admin
/index.php?s=/admin/account/login.html
/index.php?r=site/login
/index.php/Admin/Public/login.html
/index.php/Admin/Kpi/index.html
/admin/index.php?s=/Admin/Public/login.html
/index.php/Admin/Fuwu/index.html
/admin/index.php?123
/usercenter/index.php?s=/admin/public/login.html
/index.php?g=admin&m=public&a=login
/cmf/index.php?g=admin&m=public&a=login
/admin/index.php/admin/main/login
/index.php?g=System&m=Admin&a=index
/index.php?m=admin&c=index&a=login
/index.php?app=home&mod=Public&act=adminlogin
/index.php?/admin/login
/index.php?s=21admin&c=login